<?xml version="1.0" encoding="UTF-8" ?>
<testsuite failures="0" time="0.743" errors="0" skipped="0" tests="13" name="com.sfs.metahive.model.DefinitionIntegrationTest">
  <properties>
[...]
</properties>
  <testcase time="0.021" classname="com.sfs.metahive.model.DefinitionIntegrationTest" name="testMarkerMethod"/>
  <testcase time="0.166" classname="com.sfs.metahive.model.DefinitionIntegrationTest" name="testFlush"/>
  <testcase time="0.084" classname="com.sfs.metahive.model.DefinitionIntegrationTest" name="testMerge"/>
  <testcase time="0.081" classname="com.sfs.metahive.model.DefinitionIntegrationTest" name="testPersist"/>
  <testcase time="0.057" classname="com.sfs.metahive.model.DefinitionIntegrationTest" name="testRemove"/>
  <testcase time="0.022" classname="com.sfs.metahive.model.DefinitionIntegrationTest" name="addAndFetchDefinition"/>
  <testcase time="0.008" classname="com.sfs.metahive.model.DefinitionIntegrationTest" name="testInvalidDefinition"/>
  <testcase time="0.046" classname="com.sfs.metahive.model.DefinitionIntegrationTest" name="testFindByNameFinder"/>
  <testcase time="0.058" classname="com.sfs.metahive.model.DefinitionIntegrationTest" name="testPersistCategoriesInDefinitions"/>
  <testcase time="0.05" classname="com.sfs.metahive.model.DefinitionIntegrationTest" name="testCountDefinitions"/>
  <testcase time="0.032" classname="com.sfs.metahive.model.DefinitionIntegrationTest" name="testFindDefinition"/>
  <testcase time="0.048" classname="com.sfs.metahive.model.DefinitionIntegrationTest" name="testFindAllDefinitions"/>
  <testcase time="0.037" classname="com.sfs.metahive.model.DefinitionIntegrationTest" name="testFindDefinitionEntries"/>
</testsuite>